<?xml version="1.0" encoding="UTF-8"?>
<!-- Generated by org.testng.reporters.JUnitReportReporter -->
<testsuite hostname="GZ-QA-AutoTool" name="KWS.prepare.t15_04_20_07_13_50" tests="1" failures="0" timestamp="21 Apr 2015 02:15:21 GMT" time="80.605" errors="1">
  <testcase name="UBVR_AddManualRegistry" time="80.605" classname="KWS.prepare.t15_04_20_07_13_50">
    <error type="java.lang.AssertionError" message="expected [http://www.jcpenney.com/dotcom/jsp/giftregistry/templates/landingV2.jsp?eventRootCatId=cat100630110&amp;eventType=W&amp;grView=public&amp;containerId=&amp;cmJCP_T=&amp;cmJCP_C=&amp;wcref=yes&amp;wcsid=20238417&amp;stop_mobi=yes&amp;wcref=yes&amp;wcsid=20238474] but found [http://www.jcpenney.com/dotcom/jsp/giftregistry/templates/landingV2.jsp?eventRootCatId=cat100630110&amp;eventType=W&amp;grView=public&amp;containerId=&amp;cmJCP_T=&amp;cmJCP_C=&amp;wcref=yes&amp;wcsid=20238417&amp;stop_mobi=yes&amp;wcref=yes&amp;wcsid=20238476]">
      <![CDATA[java.lang.AssertionError: expected [http://www.jcpenney.com/dotcom/jsp/giftregistry/templates/landingV2.jsp?eventRootCatId=cat100630110&eventType=W&grView=public&containerId=&cmJCP_T=&cmJCP_C=&wcref=yes&wcsid=20238417&stop_mobi=yes&wcref=yes&wcsid=20238474] but found [http://www.jcpenney.com/dotcom/jsp/giftregistry/templates/landingV2.jsp?eventRootCatId=cat100630110&eventType=W&grView=public&containerId=&cmJCP_T=&cmJCP_C=&wcref=yes&wcsid=20238417&stop_mobi=yes&wcref=yes&wcsid=20238476]
	at org.testng.Assert.fail(Assert.java:94)
	at org.testng.Assert.failNotEquals(Assert.java:494)
	at org.testng.Assert.assertEquals(Assert.java:123)
	at org.testng.Assert.assertEquals(Assert.java:176)
	at org.testng.Assert.assertEquals(Assert.java:186)
	at KWS.prepare.autoMan.UrlEquals(autoMan.java:258)
	at KWS.prepare.testdata.readExcel(testdata.java:128)
	at KWS.prepare.t15_04_20_07_13_50.UBVR_AddManualRegistry(t15_04_20_07_13_50.java:8)
	at sun.reflect.NativeMethodAccessorImpl.invoke0(Native Method)
	at sun.reflect.NativeMethodAccessorImpl.invoke(NativeMethodAccessorImpl.java:57)
	at sun.reflect.DelegatingMethodAccessorImpl.invoke(DelegatingMethodAccessorImpl.java:43)
	at java.lang.reflect.Method.invoke(Method.java:606)
	at org.testng.internal.MethodInvocationHelper.invokeMethod(MethodInvocationHelper.java:84)
	at org.testng.internal.Invoker.invokeMethod(Invoker.java:714)
	at org.testng.internal.Invoker.invokeTestMethod(Invoker.java:901)
	at org.testng.internal.Invoker.invokeTestMethods(Invoker.java:1231)
	at org.testng.internal.TestMethodWorker.invokeTestMethods(TestMethodWorker.java:127)
	at org.testng.internal.TestMethodWorker.run(TestMethodWorker.java:111)
	at org.testng.TestRunner.privateRun(TestRunner.java:767)
	at org.testng.TestRunner.run(TestRunner.java:617)
	at org.testng.SuiteRunner.runTest(SuiteRunner.java:334)
	at org.testng.SuiteRunner.runSequentially(SuiteRunner.java:329)
	at org.testng.SuiteRunner.privateRun(SuiteRunner.java:291)
	at org.testng.SuiteRunner.run(SuiteRunner.java:240)
	at org.testng.SuiteRunnerWorker.runSuite(SuiteRunnerWorker.java:52)
	at org.testng.SuiteRunnerWorker.run(SuiteRunnerWorker.java:86)
	at org.testng.TestNG.runSuitesSequentially(TestNG.java:1224)
	at org.testng.TestNG.runSuitesLocally(TestNG.java:1149)
	at org.testng.TestNG.run(TestNG.java:1057)
	at org.testng.TestNG.privateMain(TestNG.java:1364)
	at org.testng.TestNG.main(TestNG.java:1333)
]]>
    </error>
  </testcase> <!-- UBVR_AddManualRegistry -->
</testsuite> <!-- KWS.prepare.t15_04_20_07_13_50 -->
